<?xml version="1.0" encoding="UTF-8"?>
<!-- Generated by org.testng.reporters.JUnitReportReporter -->
<testsuite hostname="Ashish" failures="0" tests="1" name="Sauce_Demo_TestClass.TC_06_Sauce_Demo_Verify_CancleCheckout" time="8.703" errors="0" timestamp="2022-10-03T00:15:15 IST" skipped="0">
  <testcase classname="Sauce_Demo_TestClass.TC_06_Sauce_Demo_Verify_CancleCheckout" name="Verify_checkout" time="8.703"/>
  <system-out/>
</testsuite> <!-- Sauce_Demo_TestClass.TC_06_Sauce_Demo_Verify_CancleCheckout -->
