<?xml version="1.0" encoding="UTF-8"?>
<!-- Generated by org.testng.reporters.JUnitReportReporter -->
<testsuite hostname="Ashish" failures="0" tests="1" name="Sauce_Demo_TestClass.TC_07_Sauce_Demo_Verify_RemoveProduct_CArt" time="13.938" errors="0" timestamp="2022-10-03T00:15:15 IST" skipped="0">
  <testcase classname="Sauce_Demo_TestClass.TC_07_Sauce_Demo_Verify_RemoveProduct_CArt" name="Verify_RemoveProduct_CArt" time="13.938"/>
  <system-out/>
</testsuite> <!-- Sauce_Demo_TestClass.TC_07_Sauce_Demo_Verify_RemoveProduct_CArt -->
