<?xml version="1.0" encoding="UTF-8"?>
<!-- Generated by org.testng.reporters.JUnitReportReporter -->
<testsuite hostname="Ashish" failures="0" tests="1" name="Sauce_Demo_TestClass.TC_08_Sauce_demo_AddAll_product_cart" time="25.006" errors="0" timestamp="2022-10-03T00:15:15 IST" skipped="0">
  <testcase classname="Sauce_Demo_TestClass.TC_08_Sauce_demo_AddAll_product_cart" name="Verify_MultipleProduct_ADDTOCART" time="25.006"/>
  <system-out/>
</testsuite> <!-- Sauce_Demo_TestClass.TC_08_Sauce_demo_AddAll_product_cart -->
